<?xml version="1.0" encoding="UTF-8"?>
<coverage generated="1779116773042" clover="3.2.0">
  <project timestamp="1779116773042" name="All files">
    <metrics statements="165" coveredstatements="165" conditionals="96" coveredconditionals="96" methods="48" coveredmethods="48" elements="309" coveredelements="309" complexity="0" loc="165" ncloc="165" packages="3" files="13" classes="13"/>
    <package name="hooks">
      <metrics statements="34" coveredstatements="34" conditionals="16" coveredconditionals="16" methods="13" coveredmethods="13"/>
      <file name="useEarningsCounter.ts" path="/Users/stphn/Desktop/wealth-clock/src/hooks/useEarningsCounter.ts">
        <metrics statements="19" coveredstatements="19" conditionals="12" coveredconditionals="12" methods="9" coveredmethods="9"/>
        <line num="8" count="21" type="stmt"/>
        <line num="11" count="21" type="cond" truecount="2" falsecount="0"/>
        <line num="15" count="21" type="stmt"/>
        <line num="16" count="21" type="cond" truecount="2" falsecount="0"/>
        <line num="20" count="21" type="stmt"/>
        <line num="21" count="21" type="cond" truecount="2" falsecount="0"/>
        <line num="27" count="21" type="stmt"/>
        <line num="28" count="21" type="stmt"/>
        <line num="29" count="4" type="cond" truecount="4" falsecount="0"/>
        <line num="30" count="2" type="stmt"/>
        <line num="31" count="2" type="stmt"/>
        <line num="32" count="2" type="stmt"/>
        <line num="35" count="21" type="stmt"/>
        <line num="39" count="21" type="stmt"/>
        <line num="40" count="21" type="cond" truecount="2" falsecount="0"/>
        <line num="41" count="13" type="stmt"/>
        <line num="42" count="2" type="stmt"/>
        <line num="44" count="13" type="stmt"/>
        <line num="47" count="21" type="stmt"/>
      </file>
      <file name="useMeetingCounter.ts" path="/Users/stphn/Desktop/wealth-clock/src/hooks/useMeetingCounter.ts">
        <metrics statements="0" coveredstatements="0" conditionals="0" coveredconditionals="0" methods="0" coveredmethods="0"/>
      </file>
      <file name="useNegativeCounter.ts" path="/Users/stphn/Desktop/wealth-clock/src/hooks/useNegativeCounter.ts">
        <metrics statements="0" coveredstatements="0" conditionals="0" coveredconditionals="0" methods="0" coveredmethods="0"/>
      </file>
      <file name="usePurchases.ts" path="/Users/stphn/Desktop/wealth-clock/src/hooks/usePurchases.ts">
        <metrics statements="0" coveredstatements="0" conditionals="0" coveredconditionals="0" methods="0" coveredmethods="0"/>
      </file>
      <file name="useSecureStorage.ts" path="/Users/stphn/Desktop/wealth-clock/src/hooks/useSecureStorage.ts">
        <metrics statements="15" coveredstatements="15" conditionals="4" coveredconditionals="4" methods="4" coveredmethods="4"/>
        <line num="3" count="1" type="stmt"/>
        <line num="6" count="15" type="stmt"/>
        <line num="7" count="5" type="stmt"/>
        <line num="8" count="5" type="stmt"/>
        <line num="12" count="15" type="stmt"/>
        <line num="13" count="6" type="stmt"/>
        <line num="14" count="6" type="stmt"/>
        <line num="15" count="4" type="cond" truecount="2" falsecount="0"/>
        <line num="16" count="2" type="stmt"/>
        <line num="17" count="2" type="cond" truecount="2" falsecount="0"/>
        <line num="19" count="2" type="stmt"/>
        <line num="23" count="15" type="stmt"/>
        <line num="24" count="3" type="stmt"/>
        <line num="25" count="3" type="stmt"/>
        <line num="29" count="15" type="stmt"/>
      </file>
    </package>
    <package name="store">
      <metrics statements="52" coveredstatements="52" conditionals="18" coveredconditionals="18" methods="14" coveredmethods="14"/>
      <file name="wealthStore.ts" path="/Users/stphn/Desktop/wealth-clock/src/store/wealthStore.ts">
        <metrics statements="52" coveredstatements="52" conditionals="18" coveredconditionals="18" methods="14" coveredmethods="14"/>
        <line num="17" count="2" type="stmt"/>
        <line num="18" count="2" type="stmt"/>
        <line num="19" count="2" type="stmt"/>
        <line num="24" count="27" type="cond" truecount="2" falsecount="0"/>
        <line num="26" count="16" type="cond" truecount="2" falsecount="0"/>
        <line num="29" count="16" type="stmt"/>
        <line num="51" count="2" type="stmt"/>
        <line num="65" count="2" type="stmt"/>
        <line num="69" count="14" type="stmt"/>
        <line num="73" count="7" type="stmt"/>
        <line num="74" count="7" type="stmt"/>
        <line num="75" count="7" type="stmt"/>
        <line num="79" count="4" type="stmt"/>
        <line num="83" count="3" type="stmt"/>
        <line num="84" count="3" type="stmt"/>
        <line num="88" count="6" type="stmt"/>
        <line num="89" count="6" type="stmt"/>
        <line num="93" count="4" type="stmt"/>
        <line num="94" count="4" type="cond" truecount="2" falsecount="0"/>
        <line num="95" count="3" type="stmt"/>
        <line num="96" count="3" type="stmt"/>
        <line num="97" count="3" type="stmt"/>
        <line num="105" count="3" type="stmt"/>
        <line num="106" count="3" type="stmt"/>
        <line num="110" count="5" type="stmt"/>
        <line num="111" count="5" type="stmt"/>
        <line num="115" count="4" type="stmt"/>
        <line num="116" count="4" type="cond" truecount="2" falsecount="0"/>
        <line num="117" count="3" type="stmt"/>
        <line num="118" count="3" type="stmt"/>
        <line num="122" count="3" type="stmt"/>
        <line num="130" count="3" type="stmt"/>
        <line num="131" count="3" type="stmt"/>
        <line num="135" count="28" type="stmt"/>
        <line num="136" count="28" type="stmt"/>
        <line num="137" count="28" type="stmt"/>
        <line num="141" count="54" type="stmt"/>
        <line num="142" count="54" type="stmt"/>
        <line num="143" count="54" type="stmt"/>
        <line num="147" count="63" type="stmt"/>
        <line num="151" count="6" type="stmt"/>
        <line num="152" count="6" type="stmt"/>
        <line num="159" count="6" type="cond" truecount="2" falsecount="0"/>
        <line num="160" count="6" type="stmt"/>
        <line num="162" count="6" type="stmt"/>
        <line num="163" count="6" type="stmt"/>
        <line num="165" count="6" type="stmt"/>
        <line num="166" count="6" type="cond" truecount="2" falsecount="0"/>
        <line num="168" count="6" type="stmt"/>
        <line num="169" count="6" type="cond" truecount="2" falsecount="0"/>
        <line num="172" count="6" type="stmt"/>
        <line num="173" count="6" type="stmt"/>
      </file>
    </package>
    <package name="utils">
      <metrics statements="79" coveredstatements="79" conditionals="62" coveredconditionals="62" methods="21" coveredmethods="21"/>
      <file name="constants.ts" path="/Users/stphn/Desktop/wealth-clock/src/utils/constants.ts">
        <metrics statements="6" coveredstatements="6" conditionals="0" coveredconditionals="0" methods="0" coveredmethods="0"/>
        <line num="1" count="7" type="stmt"/>
        <line num="2" count="7" type="stmt"/>
        <line num="3" count="7" type="stmt"/>
        <line num="4" count="7" type="stmt"/>
        <line num="5" count="7" type="stmt"/>
        <line num="6" count="7" type="stmt"/>
      </file>
      <file name="formatCurrency.ts" path="/Users/stphn/Desktop/wealth-clock/src/utils/formatCurrency.ts">
        <metrics statements="10" coveredstatements="10" conditionals="5" coveredconditionals="5" methods="2" coveredmethods="2"/>
        <line num="1" count="1" type="stmt"/>
        <line num="4" count="10" type="stmt"/>
        <line num="12" count="4" type="stmt"/>
        <line num="13" count="4" type="cond" truecount="2" falsecount="0"/>
        <line num="14" count="2" type="stmt"/>
        <line num="15" count="2" type="stmt"/>
        <line num="17" count="2" type="cond" truecount="2" falsecount="0"/>
        <line num="18" count="1" type="stmt"/>
        <line num="19" count="1" type="stmt"/>
        <line num="21" count="1" type="stmt"/>
      </file>
      <file name="salaryCalculator.ts" path="/Users/stphn/Desktop/wealth-clock/src/utils/salaryCalculator.ts">
        <metrics statements="11" coveredstatements="11" conditionals="1" coveredconditionals="1" methods="5" coveredmethods="5"/>
        <line num="3" count="5" type="stmt"/>
        <line num="4" count="5" type="stmt"/>
        <line num="7" count="7" type="stmt"/>
        <line num="11" count="63" type="stmt"/>
        <line num="15" count="144" type="stmt"/>
        <line num="19" count="49" type="stmt"/>
        <line num="20" count="49" type="stmt"/>
        <line num="21" count="49" type="stmt"/>
        <line num="23" count="49" type="stmt"/>
        <line num="28" count="49" type="stmt"/>
        <line num="32" count="6" type="stmt"/>
      </file>
      <file name="salaryProfiles.ts" path="/Users/stphn/Desktop/wealth-clock/src/utils/salaryProfiles.ts">
        <metrics statements="4" coveredstatements="4" conditionals="0" coveredconditionals="0" methods="5" coveredmethods="5"/>
        <line num="5" count="1" type="stmt"/>
        <line num="128" count="120" type="stmt"/>
        <line num="132" count="224" type="stmt"/>
        <line num="136" count="58" type="stmt"/>
      </file>
      <file name="snapshotGenerator.ts" path="/Users/stphn/Desktop/wealth-clock/src/utils/snapshotGenerator.ts">
        <metrics statements="0" coveredstatements="0" conditionals="0" coveredconditionals="0" methods="0" coveredmethods="0"/>
      </file>
      <file name="validators.ts" path="/Users/stphn/Desktop/wealth-clock/src/utils/validators.ts">
        <metrics statements="19" coveredstatements="19" conditionals="24" coveredconditionals="24" methods="5" coveredmethods="5"/>
        <line num="4" count="36" type="cond" truecount="2" falsecount="0"/>
        <line num="5" count="4" type="stmt"/>
        <line num="6" count="4" type="stmt"/>
        <line num="10" count="11" type="stmt"/>
        <line num="11" count="11" type="cond" truecount="5" falsecount="0"/>
        <line num="12" count="6" type="stmt"/>
        <line num="14" count="5" type="stmt"/>
        <line num="18" count="9" type="stmt"/>
        <line num="19" count="9" type="cond" truecount="5" falsecount="0"/>
        <line num="20" count="5" type="stmt"/>
        <line num="22" count="4" type="stmt"/>
        <line num="26" count="8" type="stmt"/>
        <line num="27" count="8" type="cond" truecount="6" falsecount="0"/>
        <line num="28" count="5" type="stmt"/>
        <line num="30" count="3" type="stmt"/>
        <line num="34" count="8" type="stmt"/>
        <line num="35" count="8" type="cond" truecount="6" falsecount="0"/>
        <line num="36" count="5" type="stmt"/>
        <line num="38" count="3" type="stmt"/>
      </file>
      <file name="valueConverter.ts" path="/Users/stphn/Desktop/wealth-clock/src/utils/valueConverter.ts">
        <metrics statements="29" coveredstatements="29" conditionals="32" coveredconditionals="32" methods="4" coveredmethods="4"/>
        <line num="5" count="1" type="stmt"/>
        <line num="8" count="34" type="cond" truecount="2" falsecount="0"/>
        <line num="9" count="29" type="cond" truecount="2" falsecount="0"/>
        <line num="10" count="13" type="cond" truecount="2" falsecount="0"/>
        <line num="11" count="7" type="stmt"/>
        <line num="12" count="7" type="stmt"/>
        <line num="13" count="7" type="cond" truecount="2" falsecount="0"/>
        <line num="15" count="6" type="stmt"/>
        <line num="16" count="6" type="stmt"/>
        <line num="20" count="34" type="cond" truecount="2" falsecount="0"/>
        <line num="21" count="17" type="cond" truecount="2" falsecount="0"/>
        <line num="22" count="13" type="cond" truecount="2" falsecount="0"/>
        <line num="23" count="4" type="stmt"/>
        <line num="24" count="4" type="stmt"/>
        <line num="26" count="9" type="cond" truecount="2" falsecount="0"/>
        <line num="27" count="6" type="stmt"/>
        <line num="28" count="6" type="stmt"/>
        <line num="32" count="34" type="cond" truecount="2" falsecount="0"/>
        <line num="33" count="29" type="cond" truecount="2" falsecount="0"/>
        <line num="34" count="17" type="cond" truecount="2" falsecount="0"/>
        <line num="35" count="13" type="cond" truecount="2" falsecount="0"/>
        <line num="36" count="9" type="cond" truecount="2" falsecount="0"/>
        <line num="37" count="6" type="stmt"/>
        <line num="41" count="34" type="stmt"/>
        <line num="42" count="34" type="cond" truecount="2" falsecount="0"/>
        <line num="43" count="34" type="cond" truecount="4" falsecount="0"/>
        <line num="44" count="34" type="stmt"/>
        <line num="45" count="34" type="stmt"/>
        <line num="47" count="34" type="stmt"/>
      </file>
    </package>
  </project>
</coverage>
