{"/Users/stphn/Desktop/wealth-clock/src/hooks/useEarningsCounter.ts": {"path":"/Users/stphn/Desktop/wealth-clock/src/hooks/useEarningsCounter.ts","statementMap":{"0":{"start":{"line":8,"column":33},"end":{"line":8,"column":49}},"1":{"start":{"line":11,"column":25},"end":{"line":11,"column":67}},"2":{"start":{"line":15,"column":50},"end":{"line":17,"column":3}},"3":{"start":{"line":16,"column":4},"end":{"line":16,"column":38}},"4":{"start":{"line":20,"column":2},"end":{"line":22,"column":26}},"5":{"start":{"line":21,"column":4},"end":{"line":21,"column":63}},"6":{"start":{"line":27,"column":2},"end":{"line":36,"column":14}},"7":{"start":{"line":28,"column":16},"end":{"line":34,"column":6}},"8":{"start":{"line":29,"column":6},"end":{"line":33,"column":7}},"9":{"start":{"line":30,"column":23},"end":{"line":30,"column":44}},"10":{"start":{"line":31,"column":8},"end":{"line":31,"column":39}},"11":{"start":{"line":32,"column":8},"end":{"line":32,"column":35}},"12":{"start":{"line":35,"column":4},"end":{"line":35,"column":29}},"13":{"start":{"line":35,"column":17},"end":{"line":35,"column":29}},"14":{"start":{"line":39,"column":2},"end":{"line":45,"column":18}},"15":{"start":{"line":40,"column":4},"end":{"line":40,"column":27}},"16":{"start":{"line":40,"column":21},"end":{"line":40,"column":27}},"17":{"start":{"line":41,"column":15},"end":{"line":43,"column":27}},"18":{"start":{"line":42,"column":6},"end":{"line":42,"column":47}},"19":{"start":{"line":44,"column":4},"end":{"line":44,"column":34}},"20":{"start":{"line":44,"column":17},"end":{"line":44,"column":34}},"21":{"start":{"line":47,"column":2},"end":{"line":53,"column":3}}},"fnMap":{"0":{"name":"useEarningsCounter","decl":{"start":{"line":7,"column":16},"end":{"line":7,"column":34}},"loc":{"start":{"line":7,"column":37},"end":{"line":54,"column":1}},"line":7},"1":{"name":"(anonymous_1)","decl":{"start":{"line":15,"column":59},"end":{"line":15,"column":60}},"loc":{"start":{"line":16,"column":4},"end":{"line":16,"column":38}},"line":16},"2":{"name":"(anonymous_2)","decl":{"start":{"line":20,"column":12},"end":{"line":20,"column":13}},"loc":{"start":{"line":20,"column":18},"end":{"line":22,"column":3}},"line":20},"3":{"name":"(anonymous_3)","decl":{"start":{"line":27,"column":12},"end":{"line":27,"column":13}},"loc":{"start":{"line":27,"column":18},"end":{"line":36,"column":3}},"line":27},"4":{"name":"(anonymous_4)","decl":{"start":{"line":28,"column":52},"end":{"line":28,"column":53}},"loc":{"start":{"line":28,"column":67},"end":{"line":34,"column":5}},"line":28},"5":{"name":"(anonymous_5)","decl":{"start":{"line":35,"column":11},"end":{"line":35,"column":12}},"loc":{"start":{"line":35,"column":17},"end":{"line":35,"column":29}},"line":35},"6":{"name":"(anonymous_6)","decl":{"start":{"line":39,"column":12},"end":{"line":39,"column":13}},"loc":{"start":{"line":39,"column":18},"end":{"line":45,"column":3}},"line":39},"7":{"name":"(anonymous_7)","decl":{"start":{"line":41,"column":27},"end":{"line":41,"column":28}},"loc":{"start":{"line":41,"column":33},"end":{"line":43,"column":5}},"line":41},"8":{"name":"(anonymous_8)","decl":{"start":{"line":44,"column":11},"end":{"line":44,"column":12}},"loc":{"start":{"line":44,"column":17},"end":{"line":44,"column":34}},"line":44}},"branchMap":{"0":{"loc":{"start":{"line":11,"column":32},"end":{"line":11,"column":66}},"type":"cond-expr","locations":[{"start":{"line":11,"column":41},"end":{"line":11,"column":62}},{"start":{"line":11,"column":65},"end":{"line":11,"column":66}}],"line":11},"1":{"loc":{"start":{"line":16,"column":4},"end":{"line":16,"column":38}},"type":"cond-expr","locations":[{"start":{"line":16,"column":13},"end":{"line":16,"column":34}},{"start":{"line":16,"column":37},"end":{"line":16,"column":38}}],"line":16},"2":{"loc":{"start":{"line":21,"column":29},"end":{"line":21,"column":63}},"type":"cond-expr","locations":[{"start":{"line":21,"column":38},"end":{"line":21,"column":59}},{"start":{"line":21,"column":62},"end":{"line":21,"column":63}}],"line":21},"3":{"loc":{"start":{"line":29,"column":6},"end":{"line":33,"column":7}},"type":"if","locations":[{"start":{"line":29,"column":6},"end":{"line":33,"column":7}},{"start":{},"end":{}}],"line":29},"4":{"loc":{"start":{"line":29,"column":10},"end":{"line":29,"column":42}},"type":"binary-expr","locations":[{"start":{"line":29,"column":10},"end":{"line":29,"column":32}},{"start":{"line":29,"column":36},"end":{"line":29,"column":42}}],"line":29},"5":{"loc":{"start":{"line":40,"column":4},"end":{"line":40,"column":27}},"type":"if","locations":[{"start":{"line":40,"column":4},"end":{"line":40,"column":27}},{"start":{},"end":{}}],"line":40}},"s":{"0":21,"1":21,"2":21,"3":21,"4":21,"5":21,"6":21,"7":21,"8":4,"9":2,"10":2,"11":2,"12":21,"13":21,"14":21,"15":21,"16":8,"17":13,"18":2,"19":13,"20":13,"21":21},"f":{"0":21,"1":21,"2":21,"3":21,"4":4,"5":21,"6":21,"7":2,"8":13},"b":{"0":[13,8],"1":[13,8],"2":[13,8],"3":[2,2],"4":[4,3],"5":[8,13]},"_coverageSchema":"1a1c01bbd47fc00a2c39e90264f33305004495a9","hash":"d232071b407c9ddeac8362d17da649b178486eaf"}
,"/Users/stphn/Desktop/wealth-clock/src/hooks/useMeetingCounter.ts": {"path":"/Users/stphn/Desktop/wealth-clock/src/hooks/useMeetingCounter.ts","statementMap":{},"fnMap":{},"branchMap":{},"s":{},"f":{},"b":{}}
,"/Users/stphn/Desktop/wealth-clock/src/hooks/useNegativeCounter.ts": {"path":"/Users/stphn/Desktop/wealth-clock/src/hooks/useNegativeCounter.ts","statementMap":{},"fnMap":{},"branchMap":{},"s":{},"f":{},"b":{}}
,"/Users/stphn/Desktop/wealth-clock/src/hooks/usePurchases.ts": {"path":"/Users/stphn/Desktop/wealth-clock/src/hooks/usePurchases.ts","statementMap":{},"fnMap":{},"branchMap":{},"s":{},"f":{},"b":{}}
,"/Users/stphn/Desktop/wealth-clock/src/hooks/useSecureStorage.ts": {"path":"/Users/stphn/Desktop/wealth-clock/src/hooks/useSecureStorage.ts","statementMap":{"0":{"start":{"line":3,"column":19},"end":{"line":3,"column":42}},"1":{"start":{"line":6,"column":21},"end":{"line":10,"column":3}},"2":{"start":{"line":7,"column":4},"end":{"line":9,"column":14}},"3":{"start":{"line":8,"column":6},"end":{"line":8,"column":64}},"4":{"start":{"line":12,"column":21},"end":{"line":21,"column":3}},"5":{"start":{"line":13,"column":4},"end":{"line":20,"column":5}},"6":{"start":{"line":14,"column":18},"end":{"line":14,"column":60}},"7":{"start":{"line":15,"column":6},"end":{"line":15,"column":27}},"8":{"start":{"line":15,"column":16},"end":{"line":15,"column":27}},"9":{"start":{"line":16,"column":21},"end":{"line":16,"column":32}},"10":{"start":{"line":17,"column":6},"end":{"line":17,"column":52}},"11":{"start":{"line":19,"column":6},"end":{"line":19,"column":17}},"12":{"start":{"line":23,"column":23},"end":{"line":27,"column":3}},"13":{"start":{"line":24,"column":4},"end":{"line":26,"column":14}},"14":{"start":{"line":25,"column":6},"end":{"line":25,"column":51}},"15":{"start":{"line":29,"column":2},"end":{"line":29,"column":49}}},"fnMap":{"0":{"name":"useSecureStorage","decl":{"start":{"line":5,"column":16},"end":{"line":5,"column":32}},"loc":{"start":{"line":5,"column":35},"end":{"line":30,"column":1}},"line":5},"1":{"name":"(anonymous_1)","decl":{"start":{"line":6,"column":21},"end":{"line":6,"column":22}},"loc":{"start":{"line":6,"column":62},"end":{"line":10,"column":3}},"line":6},"2":{"name":"(anonymous_2)","decl":{"start":{"line":12,"column":21},"end":{"line":12,"column":22}},"loc":{"start":{"line":12,"column":57},"end":{"line":21,"column":3}},"line":12},"3":{"name":"(anonymous_3)","decl":{"start":{"line":23,"column":23},"end":{"line":23,"column":24}},"loc":{"start":{"line":23,"column":50},"end":{"line":27,"column":3}},"line":23}},"branchMap":{"0":{"loc":{"start":{"line":15,"column":6},"end":{"line":15,"column":27}},"type":"if","locations":[{"start":{"line":15,"column":6},"end":{"line":15,"column":27}},{"start":{},"end":{}}],"line":15},"1":{"loc":{"start":{"line":17,"column":13},"end":{"line":17,"column":52}},"type":"cond-expr","locations":[{"start":{"line":17,"column":39},"end":{"line":17,"column":45}},{"start":{"line":17,"column":48},"end":{"line":17,"column":52}}],"line":17}},"s":{"0":1,"1":15,"2":5,"3":5,"4":15,"5":6,"6":6,"7":4,"8":2,"9":2,"10":2,"11":2,"12":15,"13":3,"14":3,"15":15},"f":{"0":15,"1":5,"2":6,"3":3},"b":{"0":[2,2],"1":[1,1]},"_coverageSchema":"1a1c01bbd47fc00a2c39e90264f33305004495a9","hash":"f5e822df6a47f6260ca55f9457124a9f8013e0ec"}
,"/Users/stphn/Desktop/wealth-clock/src/store/wealthStore.ts": {"path":"/Users/stphn/Desktop/wealth-clock/src/store/wealthStore.ts","statementMap":{"0":{"start":{"line":17,"column":26},"end":{"line":17,"column":28}},"1":{"start":{"line":18,"column":27},"end":{"line":18,"column":29}},"2":{"start":{"line":19,"column":34},"end":{"line":19,"column":39}},"3":{"start":{"line":24,"column":2},"end":{"line":24,"column":23}},"4":{"start":{"line":24,"column":15},"end":{"line":24,"column":23}},"5":{"start":{"line":26,"column":4},"end":{"line":28,"column":38}},"6":{"start":{"line":29,"column":2},"end":{"line":29,"column":25}},"7":{"start":{"line":51,"column":35},"end":{"line":61,"column":1}},"8":{"start":{"line":65,"column":30},"end":{"line":176,"column":3}},"9":{"start":{"line":65,"column":65},"end":{"line":176,"column":1}},"10":{"start":{"line":69,"column":4},"end":{"line":69,"column":74}},"11":{"start":{"line":73,"column":23},"end":{"line":73,"column":64}},"12":{"start":{"line":74,"column":4},"end":{"line":74,"column":33}},"13":{"start":{"line":75,"column":4},"end":{"line":75,"column":58}},"14":{"start":{"line":79,"column":4},"end":{"line":79,"column":22}},"15":{"start":{"line":83,"column":4},"end":{"line":83,"column":40}},"16":{"start":{"line":84,"column":4},"end":{"line":84,"column":62}},"17":{"start":{"line":88,"column":35},"end":{"line":88,"column":74}},"18":{"start":{"line":89,"column":4},"end":{"line":89,"column":35}},"19":{"start":{"line":93,"column":48},"end":{"line":93,"column":53}},"20":{"start":{"line":94,"column":4},"end":{"line":94,"column":30}},"21":{"start":{"line":94,"column":24},"end":{"line":94,"column":30}},"22":{"start":{"line":95,"column":23},"end":{"line":95,"column":59}},"23":{"start":{"line":96,"column":28},"end":{"line":96,"column":75}},"24":{"start":{"line":97,"column":33},"end":{"line":104,"column":5}},"25":{"start":{"line":105,"column":4},"end":{"line":105,"column":32}},"26":{"start":{"line":106,"column":4},"end":{"line":106,"column":33}},"27":{"start":{"line":110,"column":45},"end":{"line":110,"column":93}},"28":{"start":{"line":111,"column":4},"end":{"line":111,"column":45}},"29":{"start":{"line":115,"column":57},"end":{"line":115,"column":62}},"30":{"start":{"line":116,"column":4},"end":{"line":116,"column":39}},"31":{"start":{"line":116,"column":33},"end":{"line":116,"column":39}},"32":{"start":{"line":117,"column":23},"end":{"line":117,"column":68}},"33":{"start":{"line":118,"column":28},"end":{"line":121,"column":5}},"34":{"start":{"line":122,"column":33},"end":{"line":129,"column":5}},"35":{"start":{"line":130,"column":4},"end":{"line":130,"column":41}},"36":{"start":{"line":131,"column":4},"end":{"line":131,"column":33}},"37":{"start":{"line":135,"column":25},"end":{"line":135,"column":84}},"38":{"start":{"line":136,"column":4},"end":{"line":136,"column":25}},"39":{"start":{"line":137,"column":4},"end":{"line":137,"column":82}},"40":{"start":{"line":141,"column":26},"end":{"line":141,"column":87}},"41":{"start":{"line":142,"column":4},"end":{"line":142,"column":26}},"42":{"start":{"line":143,"column":4},"end":{"line":143,"column":84}},"43":{"start":{"line":147,"column":4},"end":{"line":147,"column":29}},"44":{"start":{"line":151,"column":4},"end":{"line":174,"column":14}},"45":{"start":{"line":152,"column":64},"end":{"line":157,"column":8}},"46":{"start":{"line":159,"column":23},"end":{"line":159,"column":70}},"47":{"start":{"line":160,"column":36},"end":{"line":160,"column":60}},"48":{"start":{"line":162,"column":40},"end":{"line":162,"column":42}},"49":{"start":{"line":163,"column":42},"end":{"line":163,"column":44}},"50":{"start":{"line":165,"column":6},"end":{"line":167,"column":16}},"51":{"start":{"line":166,"column":8},"end":{"line":166,"column":74}},"52":{"start":{"line":166,"column":22},"end":{"line":166,"column":74}},"53":{"start":{"line":168,"column":6},"end":{"line":170,"column":16}},"54":{"start":{"line":169,"column":8},"end":{"line":169,"column":78}},"55":{"start":{"line":169,"column":23},"end":{"line":169,"column":78}},"56":{"start":{"line":172,"column":25},"end":{"line":172,"column":66}},"57":{"start":{"line":173,"column":6},"end":{"line":173,"column":87}}},"fnMap":{"0":{"name":"computeSecondRate","decl":{"start":{"line":23,"column":9},"end":{"line":23,"column":26}},"loc":{"start":{"line":23,"column":78},"end":{"line":30,"column":1}},"line":23},"1":{"name":"(anonymous_1)","decl":{"start":{"line":65,"column":50},"end":{"line":65,"column":51}},"loc":{"start":{"line":65,"column":65},"end":{"line":176,"column":1}},"line":65},"2":{"name":"(anonymous_2)","decl":{"start":{"line":68,"column":13},"end":{"line":68,"column":14}},"loc":{"start":{"line":68,"column":25},"end":{"line":70,"column":3}},"line":68},"3":{"name":"(anonymous_3)","decl":{"start":{"line":72,"column":22},"end":{"line":72,"column":23}},"loc":{"start":{"line":72,"column":36},"end":{"line":76,"column":3}},"line":72},"4":{"name":"(anonymous_4)","decl":{"start":{"line":78,"column":16},"end":{"line":78,"column":17}},"loc":{"start":{"line":78,"column":31},"end":{"line":80,"column":3}},"line":78},"5":{"name":"(anonymous_5)","decl":{"start":{"line":82,"column":22},"end":{"line":82,"column":23}},"loc":{"start":{"line":82,"column":28},"end":{"line":85,"column":3}},"line":82},"6":{"name":"(anonymous_6)","decl":{"start":{"line":87,"column":16},"end":{"line":87,"column":17}},"loc":{"start":{"line":87,"column":34},"end":{"line":90,"column":3}},"line":87},"7":{"name":"(anonymous_7)","decl":{"start":{"line":92,"column":15},"end":{"line":92,"column":16}},"loc":{"start":{"line":92,"column":21},"end":{"line":107,"column":3}},"line":92},"8":{"name":"(anonymous_8)","decl":{"start":{"line":109,"column":25},"end":{"line":109,"column":26}},"loc":{"start":{"line":109,"column":53},"end":{"line":112,"column":3}},"line":109},"9":{"name":"(anonymous_9)","decl":{"start":{"line":114,"column":24},"end":{"line":114,"column":25}},"loc":{"start":{"line":114,"column":30},"end":{"line":132,"column":3}},"line":114},"10":{"name":"(anonymous_10)","decl":{"start":{"line":134,"column":18},"end":{"line":134,"column":19}},"loc":{"start":{"line":134,"column":30},"end":{"line":138,"column":3}},"line":134},"11":{"name":"(anonymous_11)","decl":{"start":{"line":140,"column":19},"end":{"line":140,"column":20}},"loc":{"start":{"line":140,"column":31},"end":{"line":144,"column":3}},"line":140},"12":{"name":"(anonymous_12)","decl":{"start":{"line":146,"column":12},"end":{"line":146,"column":13}},"loc":{"start":{"line":146,"column":18},"end":{"line":148,"column":3}},"line":146},"13":{"name":"(anonymous_13)","decl":{"start":{"line":150,"column":11},"end":{"line":150,"column":12}},"loc":{"start":{"line":150,"column":23},"end":{"line":175,"column":3}},"line":150}},"branchMap":{"0":{"loc":{"start":{"line":24,"column":2},"end":{"line":24,"column":23}},"type":"if","locations":[{"start":{"line":24,"column":2},"end":{"line":24,"column":23}},{"start":{},"end":{}}],"line":24},"1":{"loc":{"start":{"line":26,"column":4},"end":{"line":28,"column":38}},"type":"cond-expr","locations":[{"start":{"line":27,"column":8},"end":{"line":27,"column":41}},{"start":{"line":28,"column":8},"end":{"line":28,"column":38}}],"line":26},"2":{"loc":{"start":{"line":94,"column":4},"end":{"line":94,"column":30}},"type":"if","locations":[{"start":{"line":94,"column":4},"end":{"line":94,"column":30}},{"start":{},"end":{}}],"line":94},"3":{"loc":{"start":{"line":100,"column":67},"end":{"line":100,"column":108}},"type":"cond-expr","locations":[{"start":{"line":100,"column":100},"end":{"line":100,"column":103}},{"start":{"line":100,"column":106},"end":{"line":100,"column":108}}],"line":100},"4":{"loc":{"start":{"line":116,"column":4},"end":{"line":116,"column":39}},"type":"if","locations":[{"start":{"line":116,"column":4},"end":{"line":116,"column":39}},{"start":{},"end":{}}],"line":116},"5":{"loc":{"start":{"line":120,"column":6},"end":{"line":120,"column":82}},"type":"binary-expr","locations":[{"start":{"line":120,"column":6},"end":{"line":120,"column":44}},{"start":{"line":120,"column":48},"end":{"line":120,"column":82}}],"line":120},"6":{"loc":{"start":{"line":159,"column":23},"end":{"line":159,"column":70}},"type":"binary-expr","locations":[{"start":{"line":159,"column":24},"end":{"line":159,"column":54}},{"start":{"line":159,"column":59},"end":{"line":159,"column":70}}],"line":159},"7":{"loc":{"start":{"line":166,"column":8},"end":{"line":166,"column":74}},"type":"if","locations":[{"start":{"line":166,"column":8},"end":{"line":166,"column":74}},{"start":{},"end":{}}],"line":166},"8":{"loc":{"start":{"line":169,"column":8},"end":{"line":169,"column":78}},"type":"if","locations":[{"start":{"line":169,"column":8},"end":{"line":169,"column":78}},{"start":{},"end":{}}],"line":169}},"s":{"0":2,"1":2,"2":2,"3":27,"4":11,"5":16,"6":16,"7":2,"8":2,"9":2,"10":14,"11":7,"12":7,"13":7,"14":4,"15":3,"16":3,"17":6,"18":6,"19":4,"20":4,"21":1,"22":3,"23":3,"24":3,"25":3,"26":3,"27":5,"28":5,"29":4,"30":4,"31":1,"32":3,"33":3,"34":3,"35":3,"36":3,"37":28,"38":28,"39":28,"40":54,"41":54,"42":54,"43":63,"44":6,"45":6,"46":6,"47":6,"48":6,"49":6,"50":6,"51":6,"52":2,"53":6,"54":6,"55":1,"56":6,"57":6},"f":{"0":27,"1":2,"2":14,"3":7,"4":4,"5":3,"6":6,"7":4,"8":5,"9":4,"10":28,"11":54,"12":63,"13":6},"b":{"0":[11,16],"1":[2,14],"2":[1,3],"3":[2,1],"4":[1,3],"5":[3,1],"6":[6,5],"7":[2,4],"8":[1,5]},"_coverageSchema":"1a1c01bbd47fc00a2c39e90264f33305004495a9","hash":"1bb36acfa805a1da9d7f8af9a5415b9df0ffd0e0"}
,"/Users/stphn/Desktop/wealth-clock/src/utils/constants.ts": {"path":"/Users/stphn/Desktop/wealth-clock/src/utils/constants.ts","statementMap":{"0":{"start":{"line":1,"column":37},"end":{"line":1,"column":40}},"1":{"start":{"line":2,"column":37},"end":{"line":2,"column":38}},"2":{"start":{"line":3,"column":38},"end":{"line":3,"column":83}},"3":{"start":{"line":4,"column":35},"end":{"line":4,"column":38}},"4":{"start":{"line":5,"column":27},"end":{"line":5,"column":33}},"5":{"start":{"line":6,"column":36},"end":{"line":6,"column":42}}},"fnMap":{},"branchMap":{},"s":{"0":7,"1":7,"2":7,"3":7,"4":7,"5":7},"f":{},"b":{},"_coverageSchema":"1a1c01bbd47fc00a2c39e90264f33305004495a9","hash":"72c51f6637e5d5f4a445621608b6eed64dc46f41"}
,"/Users/stphn/Desktop/wealth-clock/src/utils/formatCurrency.ts": {"path":"/Users/stphn/Desktop/wealth-clock/src/utils/formatCurrency.ts","statementMap":{"0":{"start":{"line":1,"column":25},"end":{"line":1,"column":72}},"1":{"start":{"line":4,"column":2},"end":{"line":8,"column":19}},"2":{"start":{"line":12,"column":14},"end":{"line":12,"column":30}},"3":{"start":{"line":13,"column":2},"end":{"line":16,"column":3}},"4":{"start":{"line":14,"column":14},"end":{"line":14,"column":101}},"5":{"start":{"line":15,"column":4},"end":{"line":15,"column":20}},"6":{"start":{"line":17,"column":2},"end":{"line":20,"column":3}},"7":{"start":{"line":18,"column":14},"end":{"line":18,"column":97}},"8":{"start":{"line":19,"column":4},"end":{"line":19,"column":20}},"9":{"start":{"line":21,"column":2},"end":{"line":21,"column":31}}},"fnMap":{"0":{"name":"formatCurrency","decl":{"start":{"line":3,"column":16},"end":{"line":3,"column":30}},"loc":{"start":{"line":3,"column":69},"end":{"line":9,"column":1}},"line":3},"1":{"name":"formatCurrencyCompact","decl":{"start":{"line":11,"column":16},"end":{"line":11,"column":37}},"loc":{"start":{"line":11,"column":62},"end":{"line":22,"column":1}},"line":11}},"branchMap":{"0":{"loc":{"start":{"line":3,"column":47},"end":{"line":3,"column":59}},"type":"default-arg","locations":[{"start":{"line":3,"column":58},"end":{"line":3,"column":59}}],"line":3},"1":{"loc":{"start":{"line":13,"column":2},"end":{"line":16,"column":3}},"type":"if","locations":[{"start":{"line":13,"column":2},"end":{"line":16,"column":3}},{"start":{},"end":{}}],"line":13},"2":{"loc":{"start":{"line":17,"column":2},"end":{"line":20,"column":3}},"type":"if","locations":[{"start":{"line":17,"column":2},"end":{"line":20,"column":3}},{"start":{},"end":{}}],"line":17}},"s":{"0":1,"1":10,"2":4,"3":4,"4":2,"5":2,"6":2,"7":1,"8":1,"9":1},"f":{"0":10,"1":4},"b":{"0":[9],"1":[2,2],"2":[1,1]},"_coverageSchema":"1a1c01bbd47fc00a2c39e90264f33305004495a9","hash":"9dac1ea69d78f41dfd8325cfff96f033f5c3accf"}
,"/Users/stphn/Desktop/wealth-clock/src/utils/salaryCalculator.ts": {"path":"/Users/stphn/Desktop/wealth-clock/src/utils/salaryCalculator.ts","statementMap":{"0":{"start":{"line":3,"column":24},"end":{"line":3,"column":25}},"1":{"start":{"line":4,"column":22},"end":{"line":4,"column":61}},"2":{"start":{"line":7,"column":2},"end":{"line":7,"column":46}},"3":{"start":{"line":11,"column":2},"end":{"line":11,"column":53}},"4":{"start":{"line":15,"column":2},"end":{"line":15,"column":56}},"5":{"start":{"line":19,"column":23},"end":{"line":19,"column":88}},"6":{"start":{"line":20,"column":27},"end":{"line":20,"column":50}},"7":{"start":{"line":21,"column":25},"end":{"line":21,"column":46}},"8":{"start":{"line":23,"column":29},"end":{"line":26,"column":3}},"9":{"start":{"line":28,"column":2},"end":{"line":28,"column":54}},"10":{"start":{"line":32,"column":2},"end":{"line":32,"column":64}}},"fnMap":{"0":{"name":"hourlyRate","decl":{"start":{"line":6,"column":16},"end":{"line":6,"column":26}},"loc":{"start":{"line":6,"column":57},"end":{"line":8,"column":1}},"line":6},"1":{"name":"minuteRate","decl":{"start":{"line":10,"column":16},"end":{"line":10,"column":26}},"loc":{"start":{"line":10,"column":57},"end":{"line":12,"column":1}},"line":10},"2":{"name":"secondRate","decl":{"start":{"line":14,"column":16},"end":{"line":14,"column":26}},"loc":{"start":{"line":14,"column":57},"end":{"line":16,"column":1}},"line":14},"3":{"name":"todayEarnings","decl":{"start":{"line":18,"column":16},"end":{"line":18,"column":29}},"loc":{"start":{"line":18,"column":84},"end":{"line":29,"column":1}},"line":18},"4":{"name":"momentEarnings","decl":{"start":{"line":31,"column":16},"end":{"line":31,"column":30}},"loc":{"start":{"line":31,"column":86},"end":{"line":33,"column":1}},"line":31}},"branchMap":{"0":{"loc":{"start":{"line":18,"column":52},"end":{"line":18,"column":74}},"type":"default-arg","locations":[{"start":{"line":18,"column":64},"end":{"line":18,"column":74}}],"line":18}},"s":{"0":5,"1":5,"2":7,"3":63,"4":144,"5":49,"6":49,"7":49,"8":49,"9":49,"10":6},"f":{"0":7,"1":63,"2":144,"3":49,"4":6},"b":{"0":[42]},"_coverageSchema":"1a1c01bbd47fc00a2c39e90264f33305004495a9","hash":"8a8db52c665cdc3e2a333660f79c98cbe4772cef"}
,"/Users/stphn/Desktop/wealth-clock/src/utils/salaryProfiles.ts": {"path":"/Users/stphn/Desktop/wealth-clock/src/utils/salaryProfiles.ts","statementMap":{"0":{"start":{"line":5,"column":48},"end":{"line":125,"column":1}},"1":{"start":{"line":128,"column":2},"end":{"line":128,"column":49}},"2":{"start":{"line":128,"column":37},"end":{"line":128,"column":48}},"3":{"start":{"line":132,"column":2},"end":{"line":132,"column":63}},"4":{"start":{"line":132,"column":39},"end":{"line":132,"column":62}},"5":{"start":{"line":136,"column":2},"end":{"line":136,"column":41}}},"fnMap":{"0":{"name":"getProfileById","decl":{"start":{"line":127,"column":16},"end":{"line":127,"column":30}},"loc":{"start":{"line":127,"column":70},"end":{"line":129,"column":1}},"line":127},"1":{"name":"(anonymous_1)","decl":{"start":{"line":128,"column":30},"end":{"line":128,"column":31}},"loc":{"start":{"line":128,"column":37},"end":{"line":128,"column":48}},"line":128},"2":{"name":"getProfilesByCategory","decl":{"start":{"line":131,"column":16},"end":{"line":131,"column":37}},"loc":{"start":{"line":131,"column":92},"end":{"line":133,"column":1}},"line":131},"3":{"name":"(anonymous_3)","decl":{"start":{"line":132,"column":32},"end":{"line":132,"column":33}},"loc":{"start":{"line":132,"column":39},"end":{"line":132,"column":62}},"line":132},"4":{"name":"calculateProfileSecondRate","decl":{"start":{"line":135,"column":16},"end":{"line":135,"column":42}},"loc":{"start":{"line":135,"column":75},"end":{"line":137,"column":1}},"line":135}},"branchMap":{},"s":{"0":1,"1":16,"2":120,"3":16,"4":224,"5":58},"f":{"0":16,"1":120,"2":16,"3":224,"4":58},"b":{},"_coverageSchema":"1a1c01bbd47fc00a2c39e90264f33305004495a9","hash":"cbf6006b5b6ae4b9c5b0db5b3c817ea338950957"}
,"/Users/stphn/Desktop/wealth-clock/src/utils/snapshotGenerator.ts": {"path":"/Users/stphn/Desktop/wealth-clock/src/utils/snapshotGenerator.ts","statementMap":{},"fnMap":{},"branchMap":{},"s":{},"f":{},"b":{}}
,"/Users/stphn/Desktop/wealth-clock/src/utils/validators.ts": {"path":"/Users/stphn/Desktop/wealth-clock/src/utils/validators.ts","statementMap":{"0":{"start":{"line":4,"column":2},"end":{"line":4,"column":45}},"1":{"start":{"line":4,"column":33},"end":{"line":4,"column":45}},"2":{"start":{"line":5,"column":18},"end":{"line":5,"column":67}},"3":{"start":{"line":6,"column":2},"end":{"line":6,"column":28}},"4":{"start":{"line":10,"column":12},"end":{"line":10,"column":29}},"5":{"start":{"line":11,"column":2},"end":{"line":13,"column":3}},"6":{"start":{"line":12,"column":4},"end":{"line":12,"column":93}},"7":{"start":{"line":14,"column":2},"end":{"line":14,"column":31}},"8":{"start":{"line":18,"column":12},"end":{"line":18,"column":29}},"9":{"start":{"line":19,"column":2},"end":{"line":21,"column":3}},"10":{"start":{"line":20,"column":4},"end":{"line":20,"column":89}},"11":{"start":{"line":22,"column":2},"end":{"line":22,"column":31}},"12":{"start":{"line":26,"column":12},"end":{"line":26,"column":29}},"13":{"start":{"line":27,"column":2},"end":{"line":29,"column":3}},"14":{"start":{"line":28,"column":4},"end":{"line":28,"column":97}},"15":{"start":{"line":30,"column":2},"end":{"line":30,"column":31}},"16":{"start":{"line":34,"column":12},"end":{"line":34,"column":29}},"17":{"start":{"line":35,"column":2},"end":{"line":37,"column":3}},"18":{"start":{"line":36,"column":4},"end":{"line":36,"column":88}},"19":{"start":{"line":38,"column":2},"end":{"line":38,"column":31}}},"fnMap":{"0":{"name":"parseInput","decl":{"start":{"line":3,"column":9},"end":{"line":3,"column":19}},"loc":{"start":{"line":3,"column":52},"end":{"line":7,"column":1}},"line":3},"1":{"name":"validateSalary","decl":{"start":{"line":9,"column":16},"end":{"line":9,"column":30}},"loc":{"start":{"line":9,"column":79},"end":{"line":15,"column":1}},"line":9},"2":{"name":"validatePrice","decl":{"start":{"line":17,"column":16},"end":{"line":17,"column":29}},"loc":{"start":{"line":17,"column":78},"end":{"line":23,"column":1}},"line":17},"3":{"name":"validateParticipants","decl":{"start":{"line":25,"column":16},"end":{"line":25,"column":36}},"loc":{"start":{"line":25,"column":85},"end":{"line":31,"column":1}},"line":25},"4":{"name":"validateDuration","decl":{"start":{"line":33,"column":16},"end":{"line":33,"column":32}},"loc":{"start":{"line":33,"column":81},"end":{"line":39,"column":1}},"line":33}},"branchMap":{"0":{"loc":{"start":{"line":4,"column":2},"end":{"line":4,"column":45}},"type":"if","locations":[{"start":{"line":4,"column":2},"end":{"line":4,"column":45}},{"start":{},"end":{}}],"line":4},"1":{"loc":{"start":{"line":11,"column":2},"end":{"line":13,"column":3}},"type":"if","locations":[{"start":{"line":11,"column":2},"end":{"line":13,"column":3}},{"start":{},"end":{}}],"line":11},"2":{"loc":{"start":{"line":11,"column":6},"end":{"line":11,"column":45}},"type":"binary-expr","locations":[{"start":{"line":11,"column":6},"end":{"line":11,"column":14}},{"start":{"line":11,"column":18},"end":{"line":11,"column":27}},{"start":{"line":11,"column":31},"end":{"line":11,"column":45}}],"line":11},"3":{"loc":{"start":{"line":19,"column":2},"end":{"line":21,"column":3}},"type":"if","locations":[{"start":{"line":19,"column":2},"end":{"line":21,"column":3}},{"start":{},"end":{}}],"line":19},"4":{"loc":{"start":{"line":19,"column":6},"end":{"line":19,"column":44}},"type":"binary-expr","locations":[{"start":{"line":19,"column":6},"end":{"line":19,"column":14}},{"start":{"line":19,"column":18},"end":{"line":19,"column":26}},{"start":{"line":19,"column":30},"end":{"line":19,"column":44}}],"line":19},"5":{"loc":{"start":{"line":27,"column":2},"end":{"line":29,"column":3}},"type":"if","locations":[{"start":{"line":27,"column":2},"end":{"line":29,"column":3}},{"start":{},"end":{}}],"line":27},"6":{"loc":{"start":{"line":27,"column":6},"end":{"line":27,"column":60}},"type":"binary-expr","locations":[{"start":{"line":27,"column":6},"end":{"line":27,"column":14}},{"start":{"line":27,"column":18},"end":{"line":27,"column":38}},{"start":{"line":27,"column":42},"end":{"line":27,"column":47}},{"start":{"line":27,"column":51},"end":{"line":27,"column":60}}],"line":27},"7":{"loc":{"start":{"line":35,"column":2},"end":{"line":37,"column":3}},"type":"if","locations":[{"start":{"line":35,"column":2},"end":{"line":37,"column":3}},{"start":{},"end":{}}],"line":35},"8":{"loc":{"start":{"line":35,"column":6},"end":{"line":35,"column":60}},"type":"binary-expr","locations":[{"start":{"line":35,"column":6},"end":{"line":35,"column":14}},{"start":{"line":35,"column":18},"end":{"line":35,"column":38}},{"start":{"line":35,"column":42},"end":{"line":35,"column":47}},{"start":{"line":35,"column":51},"end":{"line":35,"column":60}}],"line":35}},"s":{"0":36,"1":32,"2":4,"3":4,"4":11,"5":11,"6":6,"7":5,"8":9,"9":9,"10":5,"11":4,"12":8,"13":8,"14":5,"15":3,"16":8,"17":8,"18":5,"19":3},"f":{"0":36,"1":11,"2":9,"3":8,"4":8},"b":{"0":[32,4],"1":[6,5],"2":[11,9,6],"3":[5,4],"4":[9,8,5],"5":[5,3],"6":[8,7,6,4],"7":[5,3],"8":[8,7,6,4]},"_coverageSchema":"1a1c01bbd47fc00a2c39e90264f33305004495a9","hash":"03b779dd56fd28da53a97a0380ebcfc492d6c0fa"}
,"/Users/stphn/Desktop/wealth-clock/src/utils/valueConverter.ts": {"path":"/Users/stphn/Desktop/wealth-clock/src/utils/valueConverter.ts","statementMap":{"0":{"start":{"line":5,"column":29},"end":{"line":5,"column":55}},"1":{"start":{"line":8,"column":2},"end":{"line":8,"column":50}},"2":{"start":{"line":8,"column":23},"end":{"line":8,"column":50}},"3":{"start":{"line":9,"column":2},"end":{"line":9,"column":67}},"4":{"start":{"line":9,"column":24},"end":{"line":9,"column":67}},"5":{"start":{"line":10,"column":2},"end":{"line":14,"column":3}},"6":{"start":{"line":11,"column":18},"end":{"line":11,"column":46}},"7":{"start":{"line":12,"column":17},"end":{"line":12,"column":45}},"8":{"start":{"line":13,"column":4},"end":{"line":13,"column":58}},"9":{"start":{"line":15,"column":15},"end":{"line":15,"column":49}},"10":{"start":{"line":16,"column":2},"end":{"line":16,"column":53}},"11":{"start":{"line":20,"column":2},"end":{"line":20,"column":49}},"12":{"start":{"line":20,"column":24},"end":{"line":20,"column":49}},"13":{"start":{"line":21,"column":2},"end":{"line":21,"column":53}},"14":{"start":{"line":21,"column":24},"end":{"line":21,"column":53}},"15":{"start":{"line":22,"column":2},"end":{"line":25,"column":3}},"16":{"start":{"line":23,"column":16},"end":{"line":23,"column":70}},"17":{"start":{"line":24,"column":4},"end":{"line":24,"column":36}},"18":{"start":{"line":26,"column":2},"end":{"line":26,"column":69}},"19":{"start":{"line":26,"column":42},"end":{"line":26,"column":69}},"20":{"start":{"line":27,"column":15},"end":{"line":27,"column":49}},"21":{"start":{"line":28,"column":2},"end":{"line":28,"column":58}},"22":{"start":{"line":32,"column":2},"end":{"line":32,"column":33}},"23":{"start":{"line":32,"column":23},"end":{"line":32,"column":33}},"24":{"start":{"line":33,"column":2},"end":{"line":33,"column":34}},"25":{"start":{"line":33,"column":24},"end":{"line":33,"column":34}},"26":{"start":{"line":34,"column":2},"end":{"line":34,"column":35}},"27":{"start":{"line":34,"column":24},"end":{"line":34,"column":35}},"28":{"start":{"line":35,"column":2},"end":{"line":35,"column":38}},"29":{"start":{"line":35,"column":28},"end":{"line":35,"column":38}},"30":{"start":{"line":36,"column":2},"end":{"line":36,"column":53}},"31":{"start":{"line":36,"column":42},"end":{"line":36,"column":53}},"32":{"start":{"line":37,"column":2},"end":{"line":37,"column":14}},"33":{"start":{"line":41,"column":15},"end":{"line":41,"column":39}},"34":{"start":{"line":42,"column":14},"end":{"line":42,"column":41}},"35":{"start":{"line":43,"column":22},"end":{"line":43,"column":73}},"36":{"start":{"line":44,"column":20},"end":{"line":44,"column":36}},"37":{"start":{"line":45,"column":19},"end":{"line":45,"column":53}},"38":{"start":{"line":47,"column":2},"end":{"line":55,"column":3}}},"fnMap":{"0":{"name":"computeLabel","decl":{"start":{"line":7,"column":9},"end":{"line":7,"column":21}},"loc":{"start":{"line":7,"column":51},"end":{"line":17,"column":1}},"line":7},"1":{"name":"computeComparison","decl":{"start":{"line":19,"column":9},"end":{"line":19,"column":26}},"loc":{"start":{"line":19,"column":56},"end":{"line":29,"column":1}},"line":19},"2":{"name":"computeEmoji","decl":{"start":{"line":31,"column":9},"end":{"line":31,"column":21}},"loc":{"start":{"line":31,"column":51},"end":{"line":38,"column":1}},"line":31},"3":{"name":"convertPriceToTime","decl":{"start":{"line":40,"column":16},"end":{"line":40,"column":34}},"loc":{"start":{"line":40,"column":85},"end":{"line":56,"column":1}},"line":40}},"branchMap":{"0":{"loc":{"start":{"line":8,"column":2},"end":{"line":8,"column":50}},"type":"if","locations":[{"start":{"line":8,"column":2},"end":{"line":8,"column":50}},{"start":{},"end":{}}],"line":8},"1":{"loc":{"start":{"line":9,"column":2},"end":{"line":9,"column":67}},"type":"if","locations":[{"start":{"line":9,"column":2},"end":{"line":9,"column":67}},{"start":{},"end":{}}],"line":9},"2":{"loc":{"start":{"line":10,"column":2},"end":{"line":14,"column":3}},"type":"if","locations":[{"start":{"line":10,"column":2},"end":{"line":14,"column":3}},{"start":{},"end":{}}],"line":10},"3":{"loc":{"start":{"line":13,"column":11},"end":{"line":13,"column":58}},"type":"cond-expr","locations":[{"start":{"line":13,"column":22},"end":{"line":13,"column":44}},{"start":{"line":13,"column":47},"end":{"line":13,"column":58}}],"line":13},"4":{"loc":{"start":{"line":20,"column":2},"end":{"line":20,"column":49}},"type":"if","locations":[{"start":{"line":20,"column":2},"end":{"line":20,"column":49}},{"start":{},"end":{}}],"line":20},"5":{"loc":{"start":{"line":21,"column":2},"end":{"line":21,"column":53}},"type":"if","locations":[{"start":{"line":21,"column":2},"end":{"line":21,"column":53}},{"start":{},"end":{}}],"line":21},"6":{"loc":{"start":{"line":22,"column":2},"end":{"line":25,"column":3}},"type":"if","locations":[{"start":{"line":22,"column":2},"end":{"line":25,"column":3}},{"start":{},"end":{}}],"line":22},"7":{"loc":{"start":{"line":26,"column":2},"end":{"line":26,"column":69}},"type":"if","locations":[{"start":{"line":26,"column":2},"end":{"line":26,"column":69}},{"start":{},"end":{}}],"line":26},"8":{"loc":{"start":{"line":32,"column":2},"end":{"line":32,"column":33}},"type":"if","locations":[{"start":{"line":32,"column":2},"end":{"line":32,"column":33}},{"start":{},"end":{}}],"line":32},"9":{"loc":{"start":{"line":33,"column":2},"end":{"line":33,"column":34}},"type":"if","locations":[{"start":{"line":33,"column":2},"end":{"line":33,"column":34}},{"start":{},"end":{}}],"line":33},"10":{"loc":{"start":{"line":34,"column":2},"end":{"line":34,"column":35}},"type":"if","locations":[{"start":{"line":34,"column":2},"end":{"line":34,"column":35}},{"start":{},"end":{}}],"line":34},"11":{"loc":{"start":{"line":35,"column":2},"end":{"line":35,"column":38}},"type":"if","locations":[{"start":{"line":35,"column":2},"end":{"line":35,"column":38}},{"start":{},"end":{}}],"line":35},"12":{"loc":{"start":{"line":36,"column":2},"end":{"line":36,"column":53}},"type":"if","locations":[{"start":{"line":36,"column":2},"end":{"line":36,"column":53}},{"start":{},"end":{}}],"line":36},"13":{"loc":{"start":{"line":42,"column":14},"end":{"line":42,"column":41}},"type":"cond-expr","locations":[{"start":{"line":42,"column":25},"end":{"line":42,"column":37}},{"start":{"line":42,"column":40},"end":{"line":42,"column":41}}],"line":42},"14":{"loc":{"start":{"line":43,"column":22},"end":{"line":43,"column":73}},"type":"cond-expr","locations":[{"start":{"line":43,"column":53},"end":{"line":43,"column":54}},{"start":{"line":43,"column":57},"end":{"line":43,"column":73}}],"line":43},"15":{"loc":{"start":{"line":43,"column":22},"end":{"line":43,"column":50}},"type":"binary-expr","locations":[{"start":{"line":43,"column":22},"end":{"line":43,"column":36}},{"start":{"line":43,"column":40},"end":{"line":43,"column":50}}],"line":43}},"s":{"0":1,"1":34,"2":5,"3":29,"4":16,"5":13,"6":7,"7":7,"8":7,"9":6,"10":6,"11":34,"12":17,"13":17,"14":4,"15":13,"16":4,"17":4,"18":9,"19":3,"20":6,"21":6,"22":34,"23":5,"24":29,"25":12,"26":17,"27":4,"28":13,"29":4,"30":9,"31":3,"32":6,"33":34,"34":34,"35":34,"36":34,"37":34,"38":34},"f":{"0":34,"1":34,"2":34,"3":34},"b":{"0":[5,29],"1":[16,13],"2":[7,6],"3":[3,4],"4":[17,17],"5":[4,13],"6":[4,9],"7":[3,6],"8":[5,29],"9":[12,17],"10":[4,13],"11":[4,9],"12":[3,6],"13":[33,1],"14":[1,33],"15":[34,33]},"_coverageSchema":"1a1c01bbd47fc00a2c39e90264f33305004495a9","hash":"f4d6fedd7bfc6ddb2a660a88582b7fd226d1f0af"}
}
