TN:
SF:src/hooks/useEarningsCounter.ts
FN:7,useEarningsCounter
FN:15,(anonymous_1)
FN:20,(anonymous_2)
FN:27,(anonymous_3)
FN:28,(anonymous_4)
FN:35,(anonymous_5)
FN:39,(anonymous_6)
FN:41,(anonymous_7)
FN:44,(anonymous_8)
FNF:9
FNH:9
FNDA:21,useEarningsCounter
FNDA:21,(anonymous_1)
FNDA:21,(anonymous_2)
FNDA:21,(anonymous_3)
FNDA:4,(anonymous_4)
FNDA:21,(anonymous_5)
FNDA:21,(anonymous_6)
FNDA:2,(anonymous_7)
FNDA:13,(anonymous_8)
DA:8,21
DA:11,21
DA:15,21
DA:16,21
DA:20,21
DA:21,21
DA:27,21
DA:28,21
DA:29,4
DA:30,2
DA:31,2
DA:32,2
DA:35,21
DA:39,21
DA:40,21
DA:41,13
DA:42,2
DA:44,13
DA:47,21
LF:19
LH:19
BRDA:11,0,0,13
BRDA:11,0,1,8
BRDA:16,1,0,13
BRDA:16,1,1,8
BRDA:21,2,0,13
BRDA:21,2,1,8
BRDA:29,3,0,2
BRDA:29,3,1,2
BRDA:29,4,0,4
BRDA:29,4,1,3
BRDA:40,5,0,8
BRDA:40,5,1,13
BRF:12
BRH:12
end_of_record
TN:
SF:src/hooks/useMeetingCounter.ts
FNF:0
FNH:0
LF:0
LH:0
BRF:0
BRH:0
end_of_record
TN:
SF:src/hooks/useNegativeCounter.ts
FNF:0
FNH:0
LF:0
LH:0
BRF:0
BRH:0
end_of_record
TN:
SF:src/hooks/usePurchases.ts
FNF:0
FNH:0
LF:0
LH:0
BRF:0
BRH:0
end_of_record
TN:
SF:src/hooks/useSecureStorage.ts
FN:5,useSecureStorage
FN:6,(anonymous_1)
FN:12,(anonymous_2)
FN:23,(anonymous_3)
FNF:4
FNH:4
FNDA:15,useSecureStorage
FNDA:5,(anonymous_1)
FNDA:6,(anonymous_2)
FNDA:3,(anonymous_3)
DA:3,1
DA:6,15
DA:7,5
DA:8,5
DA:12,15
DA:13,6
DA:14,6
DA:15,4
DA:16,2
DA:17,2
DA:19,2
DA:23,15
DA:24,3
DA:25,3
DA:29,15
LF:15
LH:15
BRDA:15,0,0,2
BRDA:15,0,1,2
BRDA:17,1,0,1
BRDA:17,1,1,1
BRF:4
BRH:4
end_of_record
TN:
SF:src/store/wealthStore.ts
FN:23,computeSecondRate
FN:65,(anonymous_1)
FN:68,(anonymous_2)
FN:72,(anonymous_3)
FN:78,(anonymous_4)
FN:82,(anonymous_5)
FN:87,(anonymous_6)
FN:92,(anonymous_7)
FN:109,(anonymous_8)
FN:114,(anonymous_9)
FN:134,(anonymous_10)
FN:140,(anonymous_11)
FN:146,(anonymous_12)
FN:150,(anonymous_13)
FNF:14
FNH:14
FNDA:27,computeSecondRate
FNDA:2,(anonymous_1)
FNDA:14,(anonymous_2)
FNDA:7,(anonymous_3)
FNDA:4,(anonymous_4)
FNDA:3,(anonymous_5)
FNDA:6,(anonymous_6)
FNDA:4,(anonymous_7)
FNDA:5,(anonymous_8)
FNDA:4,(anonymous_9)
FNDA:28,(anonymous_10)
FNDA:54,(anonymous_11)
FNDA:63,(anonymous_12)
FNDA:6,(anonymous_13)
DA:17,2
DA:18,2
DA:19,2
DA:24,27
DA:26,16
DA:29,16
DA:51,2
DA:65,2
DA:69,14
DA:73,7
DA:74,7
DA:75,7
DA:79,4
DA:83,3
DA:84,3
DA:88,6
DA:89,6
DA:93,4
DA:94,4
DA:95,3
DA:96,3
DA:97,3
DA:105,3
DA:106,3
DA:110,5
DA:111,5
DA:115,4
DA:116,4
DA:117,3
DA:118,3
DA:122,3
DA:130,3
DA:131,3
DA:135,28
DA:136,28
DA:137,28
DA:141,54
DA:142,54
DA:143,54
DA:147,63
DA:151,6
DA:152,6
DA:159,6
DA:160,6
DA:162,6
DA:163,6
DA:165,6
DA:166,6
DA:168,6
DA:169,6
DA:172,6
DA:173,6
LF:52
LH:52
BRDA:24,0,0,11
BRDA:24,0,1,16
BRDA:26,1,0,2
BRDA:26,1,1,14
BRDA:94,2,0,1
BRDA:94,2,1,3
BRDA:100,3,0,2
BRDA:100,3,1,1
BRDA:116,4,0,1
BRDA:116,4,1,3
BRDA:120,5,0,3
BRDA:120,5,1,1
BRDA:159,6,0,6
BRDA:159,6,1,5
BRDA:166,7,0,2
BRDA:166,7,1,4
BRDA:169,8,0,1
BRDA:169,8,1,5
BRF:18
BRH:18
end_of_record
TN:
SF:src/utils/constants.ts
FNF:0
FNH:0
DA:1,7
DA:2,7
DA:3,7
DA:4,7
DA:5,7
DA:6,7
LF:6
LH:6
BRF:0
BRH:0
end_of_record
TN:
SF:src/utils/formatCurrency.ts
FN:3,formatCurrency
FN:11,formatCurrencyCompact
FNF:2
FNH:2
FNDA:10,formatCurrency
FNDA:4,formatCurrencyCompact
DA:1,1
DA:4,10
DA:12,4
DA:13,4
DA:14,2
DA:15,2
DA:17,2
DA:18,1
DA:19,1
DA:21,1
LF:10
LH:10
BRDA:3,0,0,9
BRDA:13,1,0,2
BRDA:13,1,1,2
BRDA:17,2,0,1
BRDA:17,2,1,1
BRF:5
BRH:5
end_of_record
TN:
SF:src/utils/salaryCalculator.ts
FN:6,hourlyRate
FN:10,minuteRate
FN:14,secondRate
FN:18,todayEarnings
FN:31,momentEarnings
FNF:5
FNH:5
FNDA:7,hourlyRate
FNDA:63,minuteRate
FNDA:144,secondRate
FNDA:49,todayEarnings
FNDA:6,momentEarnings
DA:3,5
DA:4,5
DA:7,7
DA:11,63
DA:15,144
DA:19,49
DA:20,49
DA:21,49
DA:23,49
DA:28,49
DA:32,6
LF:11
LH:11
BRDA:18,0,0,42
BRF:1
BRH:1
end_of_record
TN:
SF:src/utils/salaryProfiles.ts
FN:127,getProfileById
FN:128,(anonymous_1)
FN:131,getProfilesByCategory
FN:132,(anonymous_3)
FN:135,calculateProfileSecondRate
FNF:5
FNH:5
FNDA:16,getProfileById
FNDA:120,(anonymous_1)
FNDA:16,getProfilesByCategory
FNDA:224,(anonymous_3)
FNDA:58,calculateProfileSecondRate
DA:5,1
DA:128,120
DA:132,224
DA:136,58
LF:4
LH:4
BRF:0
BRH:0
end_of_record
TN:
SF:src/utils/snapshotGenerator.ts
FNF:0
FNH:0
LF:0
LH:0
BRF:0
BRH:0
end_of_record
TN:
SF:src/utils/validators.ts
FN:3,parseInput
FN:9,validateSalary
FN:17,validatePrice
FN:25,validateParticipants
FN:33,validateDuration
FNF:5
FNH:5
FNDA:36,parseInput
FNDA:11,validateSalary
FNDA:9,validatePrice
FNDA:8,validateParticipants
FNDA:8,validateDuration
DA:4,36
DA:5,4
DA:6,4
DA:10,11
DA:11,11
DA:12,6
DA:14,5
DA:18,9
DA:19,9
DA:20,5
DA:22,4
DA:26,8
DA:27,8
DA:28,5
DA:30,3
DA:34,8
DA:35,8
DA:36,5
DA:38,3
LF:19
LH:19
BRDA:4,0,0,32
BRDA:4,0,1,4
BRDA:11,1,0,6
BRDA:11,1,1,5
BRDA:11,2,0,11
BRDA:11,2,1,9
BRDA:11,2,2,6
BRDA:19,3,0,5
BRDA:19,3,1,4
BRDA:19,4,0,9
BRDA:19,4,1,8
BRDA:19,4,2,5
BRDA:27,5,0,5
BRDA:27,5,1,3
BRDA:27,6,0,8
BRDA:27,6,1,7
BRDA:27,6,2,6
BRDA:27,6,3,4
BRDA:35,7,0,5
BRDA:35,7,1,3
BRDA:35,8,0,8
BRDA:35,8,1,7
BRDA:35,8,2,6
BRDA:35,8,3,4
BRF:24
BRH:24
end_of_record
TN:
SF:src/utils/valueConverter.ts
FN:7,computeLabel
FN:19,computeComparison
FN:31,computeEmoji
FN:40,convertPriceToTime
FNF:4
FNH:4
FNDA:34,computeLabel
FNDA:34,computeComparison
FNDA:34,computeEmoji
FNDA:34,convertPriceToTime
DA:5,1
DA:8,34
DA:9,29
DA:10,13
DA:11,7
DA:12,7
DA:13,7
DA:15,6
DA:16,6
DA:20,34
DA:21,17
DA:22,13
DA:23,4
DA:24,4
DA:26,9
DA:27,6
DA:28,6
DA:32,34
DA:33,29
DA:34,17
DA:35,13
DA:36,9
DA:37,6
DA:41,34
DA:42,34
DA:43,34
DA:44,34
DA:45,34
DA:47,34
LF:29
LH:29
BRDA:8,0,0,5
BRDA:8,0,1,29
BRDA:9,1,0,16
BRDA:9,1,1,13
BRDA:10,2,0,7
BRDA:10,2,1,6
BRDA:13,3,0,3
BRDA:13,3,1,4
BRDA:20,4,0,17
BRDA:20,4,1,17
BRDA:21,5,0,4
BRDA:21,5,1,13
BRDA:22,6,0,4
BRDA:22,6,1,9
BRDA:26,7,0,3
BRDA:26,7,1,6
BRDA:32,8,0,5
BRDA:32,8,1,29
BRDA:33,9,0,12
BRDA:33,9,1,17
BRDA:34,10,0,4
BRDA:34,10,1,13
BRDA:35,11,0,4
BRDA:35,11,1,9
BRDA:36,12,0,3
BRDA:36,12,1,6
BRDA:42,13,0,33
BRDA:42,13,1,1
BRDA:43,14,0,1
BRDA:43,14,1,33
BRDA:43,15,0,34
BRDA:43,15,1,33
BRF:32
BRH:32
end_of_record
